[2023-09-30 10:12:05] local.INFO: Request: {"exception":"Client error: `GET https://animalcert.mme.gov.qa/HIJIN_API/api/data/GET_CER_STATUS` resulted in a `400 Bad Request` response:
\"Please be sure from the ID and CER_SERIAL \"
"} 
[2023-09-30 10:12:07] local.INFO: Request: {"resp":{"stdClass":{"CER_SERIAL":"IMPRC/2023/61","APPLICIANT_ID":"01003501","APPLICATION_STATUS":"APPROVED ","PAYMENT_LINK":null,"PAYMENT_ERROR":null,"CER_ID":"64874","data":null}}} 
[2023-09-30 10:12:07] local.ERROR: Cannot use object of type stdClass as array {"exception":"[object] (Error(code: 0): Cannot use object of type stdClass as array at /var/www/html/projet/app/Console/Commands/getlist.php:97)
[stacktrace]
#0 /var/www/html/projet/vendor/laravel/framework/src/Illuminate/Container/BoundMethod.php(36): App\\Console\\Commands\\getlist->handle()
#1 /var/www/html/projet/vendor/laravel/framework/src/Illuminate/Container/Util.php(41): Illuminate\\Container\\BoundMethod::Illuminate\\Container\\{closure}()
#2 /var/www/html/projet/vendor/laravel/framework/src/Illuminate/Container/BoundMethod.php(93): Illuminate\\Container\\Util::unwrapIfClosure()
#3 /var/www/html/projet/vendor/laravel/framework/src/Illuminate/Container/BoundMethod.php(35): Illuminate\\Container\\BoundMethod::callBoundMethod()
#4 /var/www/html/projet/vendor/laravel/framework/src/Illuminate/Container/Container.php(662): Illuminate\\Container\\BoundMethod::call()
#5 /var/www/html/projet/vendor/laravel/framework/src/Illuminate/Console/Command.php(208): Illuminate\\Container\\Container->call()
#6 /var/www/html/projet/vendor/symfony/console/Command/Command.php(326): Illuminate\\Console\\Command->execute()
#7 /var/www/html/projet/vendor/laravel/framework/src/Illuminate/Console/Command.php(177): Symfony\\Component\\Console\\Command\\Command->run()
#8 /var/www/html/projet/vendor/symfony/console/Application.php(1081): Illuminate\\Console\\Command->run()
#9 /var/www/html/projet/vendor/symfony/console/Application.php(320): Symfony\\Component\\Console\\Application->doRunCommand()
#10 /var/www/html/projet/vendor/symfony/console/Application.php(174): Symfony\\Component\\Console\\Application->doRun()
#11 /var/www/html/projet/vendor/laravel/framework/src/Illuminate/Foundation/Console/Kernel.php(201): Symfony\\Component\\Console\\Application->run()
#12 /var/www/html/projet/artisan(35): Illuminate\\Foundation\\Console\\Kernel->handle()
#13 {main}
"} 
[2023-09-30 10:12:11] local.INFO: Request: {"exception":"Client error: `GET https://animalcert.mme.gov.qa/HIJIN_API/api/data/GET_CER_STATUS` resulted in a `400 Bad Request` response:
\"Please be sure from the ID and CER_SERIAL \"
"} 
[2023-09-30 10:12:12] local.INFO: Request: {"exception":"Client error: `GET https://animalcert.mme.gov.qa/HIJIN_API/api/data/GET_CER_STATUS` resulted in a `400 Bad Request` response:
\"Please be sure from the ID and CER_SERIAL \"
"} 
[2023-09-30 10:12:14] local.INFO: Request: {"exception":"Client error: `GET https://animalcert.mme.gov.qa/HIJIN_API/api/data/GET_CER_STATUS` resulted in a `400 Bad Request` response:
\"Please be sure from the ID and CER_SERIAL \"
"} 
